2018-11-07	13:37	Bunker	2C:20:0B:F0:2C:33	iPhone (17675)	Phone, Smart phone (0x7a020c)	unknown	Broadcom Corporation (15)	4.2	undiscovered
2018-11-07	13:40	Bunker	2C:20:0B:F0:2C:33	iPhone (17675)	Phone, Smart phone (0x7a020c)	unknown	Broadcom Corporation (15)	4.2	undiscovered
2018-11-07	13:53	Bunker	2C:20:0B:F0:2C:33	iPhone (17675)	Phone, Smart phone (0x7a020c)	unknown	Broadcom Corporation (15)	4.2	undiscovered
2018-11-07	13:54	Bunker	2C:20:0B:F0:2C:33	iPhone (17675)	Phone, Smart phone (0x7a020c)	unknown	Broadcom Corporation (15)	4.2	, AVRCP Device (PSM:23), AVRCP Device (PSM:23), Audio Source (PSM:25), Handsfree Gateway (ch:8), MAP MAS-iOS (ch:2), PAN Network Access Profile (PSM:15), Phonebook (ch:13), Wireless iAP (ch:1), Wireless iAP v2 (ch:1)
2018-11-07	13:54	Bunker	2C:20:0B:F0:2C:33	iPhone (17675)	Phone, Smart phone (0x7a020c)	unknown	Broadcom Corporation (15)	4.2	, AVRCP Device (PSM:23), AVRCP Device (PSM:23), Audio Source (PSM:25), Handsfree Gateway (ch:8), MAP MAS-iOS (ch:2), PAN Network Access Profile (PSM:15), Phonebook (ch:13), Wireless iAP (ch:1), Wireless iAP v2 (ch:1)
2018-11-07	13:55	Bunker	2C:20:0B:F0:2C:33	iPhone (17675)	Phone, Smart phone (0x7a020c)	unknown	Broadcom Corporation (15)	4.2	, AVRCP Device (PSM:23), AVRCP Device (PSM:23), Audio Source (PSM:25), Handsfree Gateway (ch:8), MAP MAS-iOS (ch:2), PAN Network Access Profile (PSM:15), Phonebook (ch:13), Wireless iAP (ch:1), Wireless iAP v2 (ch:1)
2018-11-07	14:17	Bunker	2C:20:0B:F0:2C:33	iPhone (17675)	Phone, Smart phone (0x7a020c)	unknown	Broadcom Corporation (15)	4.2	undiscovered
2018-11-12	18:15	Bunker	00:1D:86:86:4B:50	MDV-Z904	Audio/Video, Headset profile (0x240404)	Shinwa Industries(China) Ltd.	unknown	unknown	undiscovered
2018-12-01	23:32	Bunker	78:4F:43:8A:08:AC	MaehiraMac (9)	Computer, Laptop (0x38010c)	unknown	Broadcom Corporation (15)	4.2	undiscovered
2018-12-01	23:32	Bunker	2C:20:0B:F0:2C:33	iPhone (17675)	Phone, Smart phone (0x7a020c)	unknown	Broadcom Corporation (15)	4.2	undiscovered
2018-12-01	23:46	Bunker	78:4F:43:8A:08:AC	MaehiraMac (9)	Computer, Laptop (0x38010c)	unknown	Broadcom Corporation (15)	4.2	, A2DP Audio Source (PSM:25), AVRCP Target (PSM:23), Apple Macintosh Attributes, Bluetooth-Incoming-Port (ch:3), Group Ad-hoc Network Service (PSM:15), Hands Free Audio Gateway (ch:2), Headset Audio Gateway (ch:4)
2018-12-01	23:46	Bunker	2C:20:0B:F0:2C:33	iPhone (17675)	Phone, Smart phone (0x7a020c)	unknown	Broadcom Corporation (15)	4.2	, AVRCP Device (PSM:23), AVRCP Device (PSM:23), Audio Source (PSM:25), Handsfree Gateway (ch:8), MAP MAS-iOS (ch:2), PAN Network Access Profile (PSM:15), Phonebook (ch:13), Wireless iAP (ch:1), Wireless iAP v2 (ch:1)
2018-12-02	02:04	Bunker	78:4F:43:8A:08:AC	MaehiraMac (9)	Computer, Laptop (0x38010c)	unknown	Broadcom Corporation (15)	4.2	undiscovered
2018-12-02	02:04	Bunker	F4:4E:FD:AA:9E:0C	kali #1	Computer, Laptop (0x1c010c)	unknown	Cambridge Silicon Radio (10)	4.0	undiscovered
2018-12-02	02:07	Bunker	F4:4E:FD:AA:9E:0C	kali #1	Computer, Laptop (0x1c010c)	unknown	Cambridge Silicon Radio (10)	4.0	undiscovered
2018-12-02	02:07	Bunker	78:4F:43:8A:08:AC	MaehiraMac (9)	Computer, Laptop (0x38010c)	unknown	Broadcom Corporation (15)	4.2	undiscovered
2018-12-02	02:08	Bunker	F4:4E:FD:AA:9E:0C	kali #1	Computer, Laptop (0x1c010c)	unknown	Cambridge Silicon Radio (10)	4.0	undiscovered
2018-12-02	02:08	Bunker	78:4F:43:8A:08:AC	MaehiraMac (9)	Computer, Laptop (0x38010c)	unknown	Broadcom Corporation (15)	4.2	undiscovered
2018-12-02	02:19	Bunker	F4:4E:FD:AA:9E:0C	kali #1	Computer, Laptop (0x1c010c)	unknown	Cambridge Silicon Radio (10)	4.0	undiscovered
2018-12-02	02:20	Bunker	F4:4E:FD:AA:9E:0C	kali #1	Computer, Laptop (0x1c010c)	unknown	Cambridge Silicon Radio (10)	4.0	undiscovered
2018-12-02	02:20	Bunker	2C:20:0B:F0:2C:33	iPhone (17675)	Phone, Smart phone (0x7a020c)	unknown	Broadcom Corporation (15)	4.2	undiscovered
2018-12-02	02:29	Bunker	2C:20:0B:F0:2C:33	iPhone (17675)	Phone, Smart phone (0x7a020c)	unknown	Broadcom Corporation (15)	4.2	, AVRCP Device (PSM:23), AVRCP Device (PSM:23), Audio Source (PSM:25), Handsfree Gateway (ch:8), MAP MAS-iOS (ch:2), PAN Network Access Profile (PSM:15), Phonebook (ch:13), Wireless iAP (ch:1), Wireless iAP v2 (ch:1)
2018-12-02	02:33	Bunker	F4:4E:FD:AA:9E:0C	kali #1	Computer, Laptop (0x1c010c)	unknown	Cambridge Silicon Radio (10)	4.0	undiscovered
2018-12-02	02:33	Bunker	2C:20:0B:F0:2C:33	iPhone (17675)	Phone, Smart phone (0x7a020c)	unknown	Broadcom Corporation (15)	4.2	undiscovered
2018-12-02	21:10	Bunker	2C:20:0B:F0:2C:33	iPhone (17675)	Phone, Smart phone (0x7a020c)	unknown	Broadcom Corporation (15)	4.2	undiscovered
2018-12-02	21:10	Bunker	74:95:EC:6E:55:44	iPhone (17675)	Audio/Video, Hands-free (0x340408)	unknown	unknown	unknown	undiscovered
2018-12-02	21:17	Bunker	2C:20:0B:F0:2C:33	iPhone (17675)	Phone, Smart phone (0x7a020c)	unknown	Broadcom Corporation (15)	4.2	undiscovered
